<?xml version="1.0" encoding="UTF-8"?>
<testng-results ignored="0" total="8" passed="8" failed="0" skipped="0">
  <reporter-output>
  </reporter-output>
  <suite started-at="2023-01-15T19:21:37 EST" name="Default suite" finished-at="2023-01-15T19:26:01 EST" duration-ms="264028">
    <groups>
    </groups>
    <test started-at="2023-01-15T19:21:37 EST" name="Default test" finished-at="2023-01-15T19:26:01 EST" duration-ms="264028">
      <class name="com.testing.TestFile">
        <test-method is-config="true" signature="beforeMethod()[pri:0, instance:com.testing.TestFile@247310d0]" started-at="2023-01-15T19:21:37 EST" name="beforeMethod" finished-at="2023-01-15T19:21:42 EST" duration-ms="5458" status="PASS">
          <reporter-output>
          </reporter-output>
        </test-method> <!-- beforeMethod -->
        <test-method signature="invalidEmailTest()[pri:1, instance:com.testing.TestFile@247310d0]" started-at="2023-01-15T19:21:42 EST" name="invalidEmailTest" finished-at="2023-01-15T19:21:51 EST" duration-ms="8612" status="PASS">
          <reporter-output>
          </reporter-output>
        </test-method> <!-- invalidEmailTest -->
        <test-method is-config="true" signature="afterMethod(org.testng.ITestResult)[pri:0, instance:com.testing.TestFile@247310d0]" started-at="2023-01-15T19:21:51 EST" name="afterMethod" finished-at="2023-01-15T19:21:51 EST" duration-ms="172" status="PASS">
          <params>
            <param index="0">
              <value>
                <![CDATA[[TestResult name=invalidEmailTest status=SUCCESS method=TestFile.invalidEmailTest()[pri:1, instance:com.testing.TestFile@247310d0] output={null}]]]>
              </value>
            </param>
          </params>
          <reporter-output>
          </reporter-output>
        </test-method> <!-- afterMethod -->
        <test-method is-config="true" signature="beforeMethod()[pri:0, instance:com.testing.TestFile@247310d0]" started-at="2023-01-15T19:21:51 EST" name="beforeMethod" finished-at="2023-01-15T19:21:58 EST" duration-ms="7164" status="PASS">
          <reporter-output>
          </reporter-output>
        </test-method> <!-- beforeMethod -->
        <test-method signature="noEmailAndPhoneTest()[pri:2, instance:com.testing.TestFile@247310d0]" started-at="2023-01-15T19:21:58 EST" name="noEmailAndPhoneTest" finished-at="2023-01-15T19:22:07 EST" duration-ms="8506" status="PASS">
          <reporter-output>
          </reporter-output>
        </test-method> <!-- noEmailAndPhoneTest -->
        <test-method is-config="true" signature="afterMethod(org.testng.ITestResult)[pri:0, instance:com.testing.TestFile@247310d0]" started-at="2023-01-15T19:22:07 EST" name="afterMethod" finished-at="2023-01-15T19:22:07 EST" duration-ms="161" status="PASS">
          <params>
            <param index="0">
              <value>
                <![CDATA[[TestResult name=noEmailAndPhoneTest status=SUCCESS method=TestFile.noEmailAndPhoneTest()[pri:2, instance:com.testing.TestFile@247310d0] output={null}]]]>
              </value>
            </param>
          </params>
          <reporter-output>
          </reporter-output>
        </test-method> <!-- afterMethod -->
        <test-method is-config="true" signature="beforeMethod()[pri:0, instance:com.testing.TestFile@247310d0]" started-at="2023-01-15T19:22:07 EST" name="beforeMethod" finished-at="2023-01-15T19:22:13 EST" duration-ms="5483" status="PASS">
          <reporter-output>
          </reporter-output>
        </test-method> <!-- beforeMethod -->
        <test-method signature="correctEmailPasswordTest()[pri:3, instance:com.testing.TestFile@247310d0]" started-at="2023-01-15T19:22:13 EST" name="correctEmailPasswordTest" finished-at="2023-01-15T19:22:24 EST" duration-ms="11339" status="PASS">
          <reporter-output>
          </reporter-output>
        </test-method> <!-- correctEmailPasswordTest -->
        <test-method is-config="true" signature="afterMethod(org.testng.ITestResult)[pri:0, instance:com.testing.TestFile@247310d0]" started-at="2023-01-15T19:22:24 EST" name="afterMethod" finished-at="2023-01-15T19:22:24 EST" duration-ms="278" status="PASS">
          <params>
            <param index="0">
              <value>
                <![CDATA[[TestResult name=correctEmailPasswordTest status=SUCCESS method=TestFile.correctEmailPasswordTest()[pri:3, instance:com.testing.TestFile@247310d0] output={null}]]]>
              </value>
            </param>
          </params>
          <reporter-output>
          </reporter-output>
        </test-method> <!-- afterMethod -->
        <test-method is-config="true" signature="beforeMethod()[pri:0, instance:com.testing.TestFile@247310d0]" started-at="2023-01-15T19:22:24 EST" name="beforeMethod" finished-at="2023-01-15T19:22:30 EST" duration-ms="5724" status="PASS">
          <reporter-output>
          </reporter-output>
        </test-method> <!-- beforeMethod -->
        <test-method signature="correctEmailInvalidPassTest()[pri:4, instance:com.testing.TestFile@247310d0]" started-at="2023-01-15T19:22:30 EST" name="correctEmailInvalidPassTest" finished-at="2023-01-15T19:22:48 EST" duration-ms="18249" status="PASS">
          <reporter-output>
          </reporter-output>
        </test-method> <!-- correctEmailInvalidPassTest -->
        <test-method is-config="true" signature="afterMethod(org.testng.ITestResult)[pri:0, instance:com.testing.TestFile@247310d0]" started-at="2023-01-15T19:22:48 EST" name="afterMethod" finished-at="2023-01-15T19:22:48 EST" duration-ms="290" status="PASS">
          <params>
            <param index="0">
              <value>
                <![CDATA[[TestResult name=correctEmailInvalidPassTest status=SUCCESS method=TestFile.correctEmailInvalidPassTest()[pri:4, instance:com.testing.TestFile@247310d0] output={null}]]]>
              </value>
            </param>
          </params>
          <reporter-output>
          </reporter-output>
        </test-method> <!-- afterMethod -->
        <test-method is-config="true" signature="beforeMethod()[pri:0, instance:com.testing.TestFile@247310d0]" started-at="2023-01-15T19:22:48 EST" name="beforeMethod" finished-at="2023-01-15T19:22:59 EST" duration-ms="10633" status="PASS">
          <reporter-output>
          </reporter-output>
        </test-method> <!-- beforeMethod -->
        <test-method signature="countMailFirstPageTest()[pri:5, instance:com.testing.TestFile@247310d0]" started-at="2023-01-15T19:22:59 EST" name="countMailFirstPageTest" finished-at="2023-01-15T19:23:12 EST" duration-ms="12611" status="PASS">
          <reporter-output>
          </reporter-output>
        </test-method> <!-- countMailFirstPageTest -->
        <test-method is-config="true" signature="afterMethod(org.testng.ITestResult)[pri:0, instance:com.testing.TestFile@247310d0]" started-at="2023-01-15T19:23:12 EST" name="afterMethod" finished-at="2023-01-15T19:23:13 EST" duration-ms="1276" status="PASS">
          <params>
            <param index="0">
              <value>
                <![CDATA[[TestResult name=countMailFirstPageTest status=SUCCESS method=TestFile.countMailFirstPageTest()[pri:5, instance:com.testing.TestFile@247310d0] output={null}]]]>
              </value>
            </param>
          </params>
          <reporter-output>
          </reporter-output>
        </test-method> <!-- afterMethod -->
        <test-method is-config="true" signature="beforeMethod()[pri:0, instance:com.testing.TestFile@247310d0]" started-at="2023-01-15T19:23:13 EST" name="beforeMethod" finished-at="2023-01-15T19:23:25 EST" duration-ms="11700" status="PASS">
          <reporter-output>
          </reporter-output>
        </test-method> <!-- beforeMethod -->
        <test-method signature="countTotalMailsTest()[pri:6, instance:com.testing.TestFile@247310d0]" started-at="2023-01-15T19:23:25 EST" name="countTotalMailsTest" finished-at="2023-01-15T19:23:46 EST" duration-ms="21109" status="PASS">
          <reporter-output>
          </reporter-output>
        </test-method> <!-- countTotalMailsTest -->
        <test-method is-config="true" signature="afterMethod(org.testng.ITestResult)[pri:0, instance:com.testing.TestFile@247310d0]" started-at="2023-01-15T19:23:46 EST" name="afterMethod" finished-at="2023-01-15T19:23:48 EST" duration-ms="1911" status="PASS">
          <params>
            <param index="0">
              <value>
                <![CDATA[[TestResult name=countTotalMailsTest status=SUCCESS method=TestFile.countTotalMailsTest()[pri:6, instance:com.testing.TestFile@247310d0] output={null}]]]>
              </value>
            </param>
          </params>
          <reporter-output>
          </reporter-output>
        </test-method> <!-- afterMethod -->
        <test-method is-config="true" signature="beforeMethod()[pri:0, instance:com.testing.TestFile@247310d0]" started-at="2023-01-15T19:23:48 EST" name="beforeMethod" finished-at="2023-01-15T19:23:57 EST" duration-ms="9282" status="PASS">
          <reporter-output>
          </reporter-output>
        </test-method> <!-- beforeMethod -->
        <test-method signature="selectOneMailTest()[pri:7, instance:com.testing.TestFile@247310d0]" started-at="2023-01-15T19:23:57 EST" name="selectOneMailTest" finished-at="2023-01-15T19:25:19 EST" duration-ms="82127" status="PASS">
          <reporter-output>
          </reporter-output>
        </test-method> <!-- selectOneMailTest -->
        <test-method is-config="true" signature="afterMethod(org.testng.ITestResult)[pri:0, instance:com.testing.TestFile@247310d0]" started-at="2023-01-15T19:25:19 EST" name="afterMethod" finished-at="2023-01-15T19:25:19 EST" duration-ms="390" status="PASS">
          <params>
            <param index="0">
              <value>
                <![CDATA[[TestResult name=selectOneMailTest status=SUCCESS method=TestFile.selectOneMailTest()[pri:7, instance:com.testing.TestFile@247310d0] output={null}]]]>
              </value>
            </param>
          </params>
          <reporter-output>
          </reporter-output>
        </test-method> <!-- afterMethod -->
        <test-method is-config="true" signature="beforeMethod()[pri:0, instance:com.testing.TestFile@247310d0]" started-at="2023-01-15T19:25:19 EST" name="beforeMethod" finished-at="2023-01-15T19:25:26 EST" duration-ms="6934" status="PASS">
          <reporter-output>
          </reporter-output>
        </test-method> <!-- beforeMethod -->
        <test-method signature="readToUnreadFileTest()[pri:8, instance:com.testing.TestFile@247310d0]" started-at="2023-01-15T19:25:26 EST" name="readToUnreadFileTest" finished-at="2023-01-15T19:26:01 EST" duration-ms="34235" status="PASS">
          <reporter-output>
          </reporter-output>
        </test-method> <!-- readToUnreadFileTest -->
        <test-method is-config="true" signature="afterMethod(org.testng.ITestResult)[pri:0, instance:com.testing.TestFile@247310d0]" started-at="2023-01-15T19:26:01 EST" name="afterMethod" finished-at="2023-01-15T19:26:01 EST" duration-ms="342" status="PASS">
          <params>
            <param index="0">
              <value>
                <![CDATA[[TestResult name=readToUnreadFileTest status=SUCCESS method=TestFile.readToUnreadFileTest()[pri:8, instance:com.testing.TestFile@247310d0] output={null}]]]>
              </value>
            </param>
          </params>
          <reporter-output>
          </reporter-output>
        </test-method> <!-- afterMethod -->
      </class> <!-- com.testing.TestFile -->
    </test> <!-- Default test -->
  </suite> <!-- Default suite -->
</testng-results>
