<?xml version="1.0" encoding="UTF-8"?>
<!-- Generated by org.testng.reporters.JUnitXMLReporter -->
<testsuite ignored="0" hostname="LAPTOP-8S1FK83A" failures="0" tests="8" name="Default test" time="264.028" errors="0" timestamp="2023-01-15T19:26:01 EST">
  <testcase classname="com.testing.TestFile" name="invalidEmailTest" time="8.612"/>
  <testcase classname="com.testing.TestFile" name="noEmailAndPhoneTest" time="8.506"/>
  <testcase classname="com.testing.TestFile" name="correctEmailPasswordTest" time="11.339"/>
  <testcase classname="com.testing.TestFile" name="correctEmailInvalidPassTest" time="18.249"/>
  <testcase classname="com.testing.TestFile" name="countMailFirstPageTest" time="12.611"/>
  <testcase classname="com.testing.TestFile" name="countTotalMailsTest" time="21.109"/>
  <testcase classname="com.testing.TestFile" name="selectOneMailTest" time="82.127"/>
  <testcase classname="com.testing.TestFile" name="readToUnreadFileTest" time="34.235"/>
</testsuite> <!-- Default test -->
